<?xml version="1.0" encoding="UTF-8"?>
<!-- Generated by org.testng.reporters.JUnitXMLReporter -->
<testsuite ignored="5" hostname="DESKTOP-5U5S9AV" failures="0" tests="8" name="Surefire test" time="13.257" errors="0" timestamp="2024-05-22T22:53:23 CEST">
  <testcase classname="roman.jenkins.FreestyleTest" name="testCreate" time="4.488"/>
  <testcase classname="roman.jenkins.runner.order.OrderForTestsTest" name="orderMethodsCycleDepTest" time="0.012"/>
  <testcase classname="roman.jenkins.runner.order.OrderForTestsTest" name="orderMethodsForkDownDepTest" time="0.006"/>
  <testcase classname="roman.jenkins.runner.order.OrderForTestsTest" name="orderMethodsForkUpDepTest" time="0.003"/>
  <testcase classname="roman.jenkins.runner.order.OrderForTestsTest" name="orderMethodsNoDepTest" time="0.002"/>
  <testcase classname="roman.jenkins.runner.order.OrderForTestsTest" name="orderMethodsOneGroupDepTest" time="0.002"/>
  <testcase classname="roman.jenkins.runner.order.OrderForTestsTest" name="orderMethodsTest" time="0.002"/>
  <testcase classname="roman.jenkins.runner.order.OrderForTestsTest" name="orderMethodsTwoDifferentGroupsDepTest" time="0.002"/>
  <testcase classname="roman.jenkins.FreestyleTest" name="testRenameFreestyleProject" time="0.0">
    <ignored/>
  </testcase> <!-- testRenameFreestyleProject -->
  <testcase classname="roman.jenkins.FreestyleTest" name="testCreateWithSameName" time="0.0">
    <ignored/>
  </testcase> <!-- testCreateWithSameName -->
  <testcase classname="roman.jenkins.FreestyleTest" name="testisExistFreestyleProject" time="0.0">
    <ignored/>
  </testcase> <!-- testisExistFreestyleProject -->
  <testcase classname="roman.jenkins.FolderTest" name="testRename" time="0.0">
    <ignored/>
  </testcase> <!-- testRename -->
  <testcase classname="roman.jenkins.FolderTest" name="testCreate" time="0.0">
    <ignored/>
  </testcase> <!-- testCreate -->
</testsuite> <!-- Surefire test -->
