<?xml version="1.0" encoding="UTF-8"?>
<!-- Generated by org.testng.reporters.JUnitXMLReporter -->
<testsuite ignored="3" hostname="DESKTOP-5U5S9AV" failures="0" tests="13" name="Surefire test" time="41.544" errors="0" timestamp="2024-06-02T23:03:27 CEST">
  <testcase classname="roman.jenkins.FreestyleTest" name="testCreate" time="3.749"/>
  <testcase classname="roman.jenkins.FreestyleTest" name="testCreateWithSameName" time="0.929"/>
  <testcase classname="roman.jenkins.FreestyleTest" name="testisExistFreestyleProject" time="0.462"/>
  <testcase classname="roman.jenkins.FreestyleTest" name="testAddDescriptions" time="1.816"/>
  <testcase classname="roman.jenkins.FreestyleTest" name="testRenameFreestyleProject" time="2.042"/>
  <testcase classname="roman.jenkins.FreestyleTest" name="testDeleteProject" time="13.973"/>
  <testcase classname="roman.jenkins.runner.order.OrderForTestsTest" name="orderMethodsCycleDepTest" time="0.015"/>
  <testcase classname="roman.jenkins.runner.order.OrderForTestsTest" name="orderMethodsForkDownDepTest" time="0.021"/>
  <testcase classname="roman.jenkins.runner.order.OrderForTestsTest" name="orderMethodsForkUpDepTest" time="0.003"/>
  <testcase classname="roman.jenkins.runner.order.OrderForTestsTest" name="orderMethodsNoDepTest" time="0.004"/>
  <testcase classname="roman.jenkins.runner.order.OrderForTestsTest" name="orderMethodsOneGroupDepTest" time="0.003"/>
  <testcase classname="roman.jenkins.runner.order.OrderForTestsTest" name="orderMethodsTest" time="0.004"/>
  <testcase classname="roman.jenkins.runner.order.OrderForTestsTest" name="orderMethodsTwoDifferentGroupsDepTest" time="0.002"/>
  <testcase classname="roman.jenkins.FreestyleTest" name="testRenameProject" time="0.0">
    <ignored/>
  </testcase> <!-- testRenameProject -->
  <testcase classname="roman.jenkins.FolderTest" name="testCreate" time="0.0">
    <ignored/>
  </testcase> <!-- testCreate -->
  <testcase classname="roman.jenkins.FolderTest" name="testRename" time="0.0">
    <ignored/>
  </testcase> <!-- testRename -->
</testsuite> <!-- Surefire test -->
