<?xml version="1.0" encoding="UTF-8"?>
<testsuite xmlns:xsi="http://www.w3.org/2001/XMLSchema-instance" xsi:noNamespaceSchemaLocation="https://maven.apache.org/surefire/maven-surefire-plugin/xsd/surefire-test-report-3.0.xsd" version="3.0" name="TestSuite" time="41.358" tests="13" errors="0" skipped="0" failures="0">
  <properties>
[...]
</properties>
  <testcase name="testCreate" classname="roman.jenkins.FreestyleTest" time="2.589">
    <system-out><![CDATA[Run roman.jenkins.FreestyleTest.testCreate
Clear data
Browser open
Get web page
Login
]]></system-out>
    <system-err><![CDATA[SLF4J: Failed to load class "org.slf4j.impl.StaticLoggerBinder".
SLF4J: Defaulting to no-operation (NOP) logger implementation
SLF4J: See http://www.slf4j.org/codes.html#StaticLoggerBinder for further details.
cze 03, 2024 12:57:05 PM org.openqa.selenium.devtools.CdpVersionFinder findNearestMatch
WARNING: Unable to find an exact match for CDP version 125, returning the closest version; found: 124; Please update to a Selenium version that supports CDP version 125
]]></system-err>
  </testcase>
  <testcase name="testAddDescriptions" classname="roman.jenkins.FreestyleTest" time="1.502">
    <system-out><![CDATA[Execution time is 2 sec


Run roman.jenkins.FreestyleTest.testAddDescriptions
Get web page
]]></system-out>
  </testcase>
  <testcase name="testCreateWithSameName" classname="roman.jenkins.FreestyleTest" time="0.611">
    <system-out><![CDATA[Execution time is 1 sec


Run roman.jenkins.FreestyleTest.testCreateWithSameName
Get web page
]]></system-out>
  </testcase>
  <testcase name="testisExistFreestyleProject" classname="roman.jenkins.FreestyleTest" time="0.308">
    <system-out><![CDATA[Execution time is 0 sec


Run roman.jenkins.FreestyleTest.testisExistFreestyleProject
Get web page
]]></system-out>
  </testcase>
  <testcase name="testRenameFreestyleProject" classname="roman.jenkins.FreestyleTest" time="1.921">
    <system-out><![CDATA[Execution time is 0 sec


Run roman.jenkins.FreestyleTest.testRenameFreestyleProject
Get web page
]]></system-out>
  </testcase>
  <testcase name="testDeleteProject" classname="roman.jenkins.FreestyleTest" time="16.22">
    <system-out><![CDATA[Browser closed
Execution time is 1 sec


Run roman.jenkins.FreestyleTest.testDeleteProject
Clear data
Browser open
Get web page
Login
]]></system-out>
    <system-err><![CDATA[cze 03, 2024 12:57:19 PM org.openqa.selenium.devtools.CdpVersionFinder findNearestMatch
WARNING: Unable to find an exact match for CDP version 125, returning the closest version; found: 124; Please update to a Selenium version that supports CDP version 125
]]></system-err>
  </testcase>
  <testcase name="orderMethodsCycleDepTest" classname="roman.jenkins.runner.order.OrderForTestsTest" time="0.008">
    <system-out><![CDATA[Browser closed
Execution time is 20 sec


]]></system-out>
  </testcase>
  <testcase name="orderMethodsForkDownDepTest" classname="roman.jenkins.runner.order.OrderForTestsTest" time="0.002"/>
  <testcase name="orderMethodsForkUpDepTest" classname="roman.jenkins.runner.order.OrderForTestsTest" time="0.002"/>
  <testcase name="orderMethodsNoDepTest" classname="roman.jenkins.runner.order.OrderForTestsTest" time="0.003"/>
  <testcase name="orderMethodsOneGroupDepTest" classname="roman.jenkins.runner.order.OrderForTestsTest" time="0.0"/>
  <testcase name="orderMethodsTest" classname="roman.jenkins.runner.order.OrderForTestsTest" time="0.002"/>
  <testcase name="orderMethodsTwoDifferentGroupsDepTest" classname="roman.jenkins.runner.order.OrderForTestsTest" time="0.002"/>
</testsuite>