<?xml version="1.0" encoding="UTF-8"?>
<testng-results ignored="0" total="13" passed="13" failed="0" skipped="0">
  <reporter-output>
  </reporter-output>
  <suite started-at="2024-06-03T11:34:20 CEST" name="Surefire suite" finished-at="2024-06-03T11:34:52 CEST" duration-ms="32853">
    <groups>
    </groups>
    <test started-at="2024-06-03T11:34:20 CEST" name="Surefire test" finished-at="2024-06-03T11:34:52 CEST" duration-ms="32853">
      <class name="roman.jenkins.runner.order.OrderForTestsTest">
        <test-method signature="orderMethodsCycleDepTest()[pri:0, instance:roman.jenkins.runner.order.OrderForTestsTest@61230f6a]" started-at="2024-06-03T11:34:52 CEST" name="orderMethodsCycleDepTest" finished-at="2024-06-03T11:34:52 CEST" duration-ms="11" status="PASS">
          <reporter-output>
          </reporter-output>
        </test-method> <!-- orderMethodsCycleDepTest -->
        <test-method signature="orderMethodsForkDownDepTest()[pri:0, instance:roman.jenkins.runner.order.OrderForTestsTest@61230f6a]" started-at="2024-06-03T11:34:52 CEST" name="orderMethodsForkDownDepTest" finished-at="2024-06-03T11:34:52 CEST" duration-ms="2" status="PASS">
          <reporter-output>
          </reporter-output>
        </test-method> <!-- orderMethodsForkDownDepTest -->
        <test-method signature="orderMethodsForkUpDepTest()[pri:0, instance:roman.jenkins.runner.order.OrderForTestsTest@61230f6a]" started-at="2024-06-03T11:34:52 CEST" name="orderMethodsForkUpDepTest" finished-at="2024-06-03T11:34:52 CEST" duration-ms="2" status="PASS">
          <reporter-output>
          </reporter-output>
        </test-method> <!-- orderMethodsForkUpDepTest -->
        <test-method signature="orderMethodsNoDepTest()[pri:0, instance:roman.jenkins.runner.order.OrderForTestsTest@61230f6a]" started-at="2024-06-03T11:34:52 CEST" name="orderMethodsNoDepTest" finished-at="2024-06-03T11:34:52 CEST" duration-ms="3" status="PASS">
          <reporter-output>
          </reporter-output>
        </test-method> <!-- orderMethodsNoDepTest -->
        <test-method signature="orderMethodsOneGroupDepTest()[pri:0, instance:roman.jenkins.runner.order.OrderForTestsTest@61230f6a]" started-at="2024-06-03T11:34:52 CEST" name="orderMethodsOneGroupDepTest" finished-at="2024-06-03T11:34:52 CEST" duration-ms="2" status="PASS">
          <reporter-output>
          </reporter-output>
        </test-method> <!-- orderMethodsOneGroupDepTest -->
        <test-method signature="orderMethodsTest()[pri:0, instance:roman.jenkins.runner.order.OrderForTestsTest@61230f6a]" started-at="2024-06-03T11:34:52 CEST" name="orderMethodsTest" finished-at="2024-06-03T11:34:52 CEST" duration-ms="2" status="PASS">
          <reporter-output>
          </reporter-output>
        </test-method> <!-- orderMethodsTest -->
        <test-method signature="orderMethodsTwoDifferentGroupsDepTest()[pri:0, instance:roman.jenkins.runner.order.OrderForTestsTest@61230f6a]" started-at="2024-06-03T11:34:52 CEST" name="orderMethodsTwoDifferentGroupsDepTest" finished-at="2024-06-03T11:34:52 CEST" duration-ms="2" status="PASS">
          <reporter-output>
          </reporter-output>
        </test-method> <!-- orderMethodsTwoDifferentGroupsDepTest -->
      </class> <!-- roman.jenkins.runner.order.OrderForTestsTest -->
      <class name="roman.jenkins.FreestyleTest">
        <test-method is-config="true" signature="beforeClass()[pri:0, instance:roman.jenkins.FreestyleTest@418e7838]" started-at="2024-06-03T11:34:20 CEST" name="beforeClass" finished-at="2024-06-03T11:34:20 CEST" duration-ms="34" status="PASS">
          <reporter-output>
          </reporter-output>
        </test-method> <!-- beforeClass -->
        <test-method is-config="true" signature="beforeMethod(java.lang.reflect.Method)[pri:0, instance:roman.jenkins.FreestyleTest@418e7838]" started-at="2024-06-03T11:34:20 CEST" name="beforeMethod" finished-at="2024-06-03T11:34:25 CEST" duration-ms="5619" status="PASS">
          <params>
            <param index="0">
              <value>
                <![CDATA[public void roman.jenkins.FreestyleTest.testCreate()]]>
              </value>
            </param>
          </params>
          <reporter-output>
          </reporter-output>
        </test-method> <!-- beforeMethod -->
        <test-method signature="testCreate()[pri:0, instance:roman.jenkins.FreestyleTest@418e7838]" started-at="2024-06-03T11:34:25 CEST" name="testCreate" finished-at="2024-06-03T11:34:28 CEST" duration-ms="2350" status="PASS">
          <reporter-output>
          </reporter-output>
        </test-method> <!-- testCreate -->
        <test-method is-config="true" signature="afterMethod(java.lang.reflect.Method,org.testng.ITestResult)[pri:0, instance:roman.jenkins.FreestyleTest@418e7838]" started-at="2024-06-03T11:34:28 CEST" name="afterMethod" finished-at="2024-06-03T11:34:28 CEST" duration-ms="1" status="PASS">
          <params>
            <param index="0">
              <value>
                <![CDATA[public void roman.jenkins.FreestyleTest.testCreate()]]>
              </value>
            </param>
            <param index="1">
              <value>
                <![CDATA[[TestResult name=testCreate status=SUCCESS method=FreestyleTest.testCreate()[pri:0, instance:roman.jenkins.FreestyleTest@418e7838] output={null}]]]>
              </value>
            </param>
          </params>
          <reporter-output>
          </reporter-output>
        </test-method> <!-- afterMethod -->
        <test-method is-config="true" signature="beforeMethod(java.lang.reflect.Method)[pri:0, instance:roman.jenkins.FreestyleTest@418e7838]" started-at="2024-06-03T11:34:28 CEST" name="beforeMethod" finished-at="2024-06-03T11:34:28 CEST" duration-ms="206" status="PASS">
          <params>
            <param index="0">
              <value>
                <![CDATA[public void roman.jenkins.FreestyleTest.testAddDescriptions()]]>
              </value>
            </param>
          </params>
          <reporter-output>
          </reporter-output>
        </test-method> <!-- beforeMethod -->
        <test-method signature="testAddDescriptions()[pri:0, instance:roman.jenkins.FreestyleTest@418e7838]" started-at="2024-06-03T11:34:28 CEST" name="testAddDescriptions" finished-at="2024-06-03T11:34:29 CEST" depends-on-methods="roman.jenkins.FreestyleTest.testCreate" duration-ms="1267" status="PASS">
          <reporter-output>
          </reporter-output>
        </test-method> <!-- testAddDescriptions -->
        <test-method is-config="true" signature="afterMethod(java.lang.reflect.Method,org.testng.ITestResult)[pri:0, instance:roman.jenkins.FreestyleTest@418e7838]" started-at="2024-06-03T11:34:29 CEST" name="afterMethod" finished-at="2024-06-03T11:34:29 CEST" duration-ms="1" status="PASS">
          <params>
            <param index="0">
              <value>
                <![CDATA[public void roman.jenkins.FreestyleTest.testAddDescriptions()]]>
              </value>
            </param>
            <param index="1">
              <value>
                <![CDATA[[TestResult name=testAddDescriptions status=SUCCESS method=FreestyleTest.testAddDescriptions()[pri:0, instance:roman.jenkins.FreestyleTest@418e7838] output={null}]]]>
              </value>
            </param>
          </params>
          <reporter-output>
          </reporter-output>
        </test-method> <!-- afterMethod -->
        <test-method is-config="true" signature="beforeMethod(java.lang.reflect.Method)[pri:0, instance:roman.jenkins.FreestyleTest@418e7838]" started-at="2024-06-03T11:34:29 CEST" name="beforeMethod" finished-at="2024-06-03T11:34:30 CEST" duration-ms="769" status="PASS">
          <params>
            <param index="0">
              <value>
                <![CDATA[public void roman.jenkins.FreestyleTest.testCreateWithSameName()]]>
              </value>
            </param>
          </params>
          <reporter-output>
          </reporter-output>
        </test-method> <!-- beforeMethod -->
        <test-method signature="testCreateWithSameName()[pri:0, instance:roman.jenkins.FreestyleTest@418e7838]" started-at="2024-06-03T11:34:30 CEST" name="testCreateWithSameName" finished-at="2024-06-03T11:34:30 CEST" depends-on-methods="roman.jenkins.FreestyleTest.testCreate" duration-ms="540" status="PASS">
          <reporter-output>
          </reporter-output>
        </test-method> <!-- testCreateWithSameName -->
        <test-method is-config="true" signature="afterMethod(java.lang.reflect.Method,org.testng.ITestResult)[pri:0, instance:roman.jenkins.FreestyleTest@418e7838]" started-at="2024-06-03T11:34:30 CEST" name="afterMethod" finished-at="2024-06-03T11:34:30 CEST" duration-ms="2" status="PASS">
          <params>
            <param index="0">
              <value>
                <![CDATA[public void roman.jenkins.FreestyleTest.testCreateWithSameName()]]>
              </value>
            </param>
            <param index="1">
              <value>
                <![CDATA[[TestResult name=testCreateWithSameName status=SUCCESS method=FreestyleTest.testCreateWithSameName()[pri:0, instance:roman.jenkins.FreestyleTest@418e7838] output={null}]]]>
              </value>
            </param>
          </params>
          <reporter-output>
          </reporter-output>
        </test-method> <!-- afterMethod -->
        <test-method is-config="true" signature="beforeMethod(java.lang.reflect.Method)[pri:0, instance:roman.jenkins.FreestyleTest@418e7838]" started-at="2024-06-03T11:34:30 CEST" name="beforeMethod" finished-at="2024-06-03T11:34:31 CEST" duration-ms="215" status="PASS">
          <params>
            <param index="0">
              <value>
                <![CDATA[public void roman.jenkins.FreestyleTest.testisExistFreestyleProject()]]>
              </value>
            </param>
          </params>
          <reporter-output>
          </reporter-output>
        </test-method> <!-- beforeMethod -->
        <test-method signature="testisExistFreestyleProject()[pri:0, instance:roman.jenkins.FreestyleTest@418e7838]" started-at="2024-06-03T11:34:31 CEST" name="testisExistFreestyleProject" finished-at="2024-06-03T11:34:31 CEST" depends-on-methods="roman.jenkins.FreestyleTest.testCreate" duration-ms="323" status="PASS">
          <reporter-output>
          </reporter-output>
        </test-method> <!-- testisExistFreestyleProject -->
        <test-method is-config="true" signature="afterMethod(java.lang.reflect.Method,org.testng.ITestResult)[pri:0, instance:roman.jenkins.FreestyleTest@418e7838]" started-at="2024-06-03T11:34:31 CEST" name="afterMethod" finished-at="2024-06-03T11:34:31 CEST" duration-ms="1" status="PASS">
          <params>
            <param index="0">
              <value>
                <![CDATA[public void roman.jenkins.FreestyleTest.testisExistFreestyleProject()]]>
              </value>
            </param>
            <param index="1">
              <value>
                <![CDATA[[TestResult name=testisExistFreestyleProject status=SUCCESS method=FreestyleTest.testisExistFreestyleProject()[pri:0, instance:roman.jenkins.FreestyleTest@418e7838] output={null}]]]>
              </value>
            </param>
          </params>
          <reporter-output>
          </reporter-output>
        </test-method> <!-- afterMethod -->
        <test-method is-config="true" signature="beforeMethod(java.lang.reflect.Method)[pri:0, instance:roman.jenkins.FreestyleTest@418e7838]" started-at="2024-06-03T11:34:31 CEST" name="beforeMethod" finished-at="2024-06-03T11:34:31 CEST" duration-ms="203" status="PASS">
          <params>
            <param index="0">
              <value>
                <![CDATA[public void roman.jenkins.FreestyleTest.testRenameFreestyleProject()]]>
              </value>
            </param>
          </params>
          <reporter-output>
          </reporter-output>
        </test-method> <!-- beforeMethod -->
        <test-method signature="testRenameFreestyleProject()[pri:0, instance:roman.jenkins.FreestyleTest@418e7838]" started-at="2024-06-03T11:34:31 CEST" name="testRenameFreestyleProject" finished-at="2024-06-03T11:34:33 CEST" depends-on-methods="roman.jenkins.FreestyleTest.testCreate" duration-ms="1784" status="PASS">
          <reporter-output>
          </reporter-output>
        </test-method> <!-- testRenameFreestyleProject -->
        <test-method is-config="true" signature="afterMethod(java.lang.reflect.Method,org.testng.ITestResult)[pri:0, instance:roman.jenkins.FreestyleTest@418e7838]" started-at="2024-06-03T11:34:33 CEST" name="afterMethod" finished-at="2024-06-03T11:34:34 CEST" duration-ms="817" status="PASS">
          <params>
            <param index="0">
              <value>
                <![CDATA[public void roman.jenkins.FreestyleTest.testRenameFreestyleProject()]]>
              </value>
            </param>
            <param index="1">
              <value>
                <![CDATA[[TestResult name=testRenameFreestyleProject status=SUCCESS method=FreestyleTest.testRenameFreestyleProject()[pri:0, instance:roman.jenkins.FreestyleTest@418e7838] output={null}]]]>
              </value>
            </param>
          </params>
          <reporter-output>
          </reporter-output>
        </test-method> <!-- afterMethod -->
        <test-method is-config="true" signature="beforeMethod(java.lang.reflect.Method)[pri:0, instance:roman.jenkins.FreestyleTest@418e7838]" started-at="2024-06-03T11:34:34 CEST" name="beforeMethod" finished-at="2024-06-03T11:34:38 CEST" duration-ms="4462" status="PASS">
          <params>
            <param index="0">
              <value>
                <![CDATA[public void roman.jenkins.FreestyleTest.testDeleteProject()]]>
              </value>
            </param>
          </params>
          <reporter-output>
          </reporter-output>
        </test-method> <!-- beforeMethod -->
        <test-method signature="testDeleteProject()[pri:0, instance:roman.jenkins.FreestyleTest@418e7838]" started-at="2024-06-03T11:34:38 CEST" name="testDeleteProject" finished-at="2024-06-03T11:34:52 CEST" duration-ms="13268" status="PASS">
          <reporter-output>
          </reporter-output>
        </test-method> <!-- testDeleteProject -->
        <test-method is-config="true" signature="afterMethod(java.lang.reflect.Method,org.testng.ITestResult)[pri:0, instance:roman.jenkins.FreestyleTest@418e7838]" started-at="2024-06-03T11:34:52 CEST" name="afterMethod" finished-at="2024-06-03T11:34:52 CEST" duration-ms="813" status="PASS">
          <params>
            <param index="0">
              <value>
                <![CDATA[public void roman.jenkins.FreestyleTest.testDeleteProject()]]>
              </value>
            </param>
            <param index="1">
              <value>
                <![CDATA[[TestResult name=testDeleteProject status=SUCCESS method=FreestyleTest.testDeleteProject()[pri:0, instance:roman.jenkins.FreestyleTest@418e7838] output={null}]]]>
              </value>
            </param>
          </params>
          <reporter-output>
          </reporter-output>
        </test-method> <!-- afterMethod -->
      </class> <!-- roman.jenkins.FreestyleTest -->
    </test> <!-- Surefire test -->
  </suite> <!-- Surefire suite -->
</testng-results>
